{"name": "test_e2e_buy_crypto[user0]", "status": "broken", "statusDetails": {"message": "selenium.common.exceptions.TimeoutException: Message: \nStacktrace:\nNoSuchElementError: An element could not be located on the page using the given search parameters.\n    at AndroidUiautomator2Driver.findElOrEls (C:\\Users\\pc\\.appium\\node_modules\\appium-uiautomator2-driver\\node_modules\\appium-android-driver\\lib\\commands\\find.ts:86:11)\n    at processTicksAndRejections (node:internal/process/task_queues:105:5)\n    at AndroidUiautomator2Driver.findElOrElsWithProcessing (C:\\Users\\pc\\AppData\\Roaming\\npm\\node_modules\\appium\\node_modules\\@appium\\base-driver\\lib\\basedriver\\commands\\find.ts:60:12)\n    at AndroidUiautomator2Driver.findElement (C:\\Users\\pc\\AppData\\Roaming\\npm\\node_modules\\appium\\node_modules\\@appium\\base-driver\\lib\\basedriver\\commands\\find.ts:75:12)", "trace": "driver = <appium.webdriver.webdriver.WebDriver (session=\"7bb57c77-498a-4c78-af56-6560e65a8bfe\")>\nuser = {'email': 'derly+qa02@vitawallet.io', 'password': 'vitawallet'}\n\n    @pytest.mark.parametrize(\"user\", UserData(\"data/users.csv\").get_users())\n    def test_e2e_buy_crypto(driver, user):\n    \n    \n        # -------------------------\n        # A-A-A DESIGN PATTERN\n        # Arrange\n        # -------------------------\n        login_page = LoginPage(driver)\n    \n        # -------------------------\n        # Act\n        # -------------------------\n        login_page.login(user[\"email\"], user[\"password\"])\n    \n        # -------------------------\n        # Assert\n        # -------------------------\n        #welcome_text_locator = ('xpath', '//android.widget.TextView[@text=\"Welcome\"]')\n        #assert login_page.el.find_element(welcome_text_locator).is_displayed(), \"Login failed for user: {}\".format(user[\"email\"])\n    \n        home_page = HomePage(driver)\n        home_page.quit_pop_up()\n        home_page.go_crypto()\n    \n        crypto_buy_page = CryptoBuyPage(driver)\n        crypto_buy_page.select_crypto_to_sell()\n        crypto_buy_page.enter_amount_to_sell(2000)\n        crypto_buy_page.select_crypto_to_buy()\n        crypto_buy_page.continue_operation()\n    \n        crypto_confirm_page = CryptoConfirm(driver)\n        crypto_confirm_page.confirm()\n    \n        crypto_successful_page = CryptoSuccesfulPage(driver)\n>       crypto_successful_page.return_home()\n\ntests\\test_e2e_buy_crypto.py:44: \n_ _ _ _ _ _ _ _ _ _ _ _ _ _ _ _ _ _ _ _ _ _ _ _ _ _ _ _ _ _ _ _ _ _ _ _ _ _ _ _ _ _ _ _ _ _ _ \npages\\crypto\\crypto_successful_page.py:24: in return_home\n    self.elm.click(RETURN_HOME_BUTTON)\ncore\\elements.py:18: in click\n    element = self.wait.until(EC.element_to_be_clickable(locator))\n              ^^^^^^^^^^^^^^^^^^^^^^^^^^^^^^^^^^^^^^^^^^^^^^^^^^^^\n_ _ _ _ _ _ _ _ _ _ _ _ _ _ _ _ _ _ _ _ _ _ _ _ _ _ _ _ _ _ _ _ _ _ _ _ _ _ _ _ _ _ _ _ _ _ _ \n\nself = <selenium.webdriver.support.wait.WebDriverWait (session=\"7bb57c77-498a-4c78-af56-6560e65a8bfe\")>\nmethod = <function element_to_be_clickable.<locals>._predicate at 0x000002081625C4A0>\nmessage = ''\n\n    def until(self, method: Callable[[D], Union[Literal[False], T]], message: str = \"\") -> T:\n        \"\"\"Wait until the method returns a value that is not False.\n    \n        Calls the method provided with the driver as an argument until the\n        return value does not evaluate to ``False``.\n    \n        Parameters:\n        -----------\n        method: callable(WebDriver)\n            - A callable object that takes a WebDriver instance as an argument.\n    \n        message: str\n            - Optional message for :exc:`TimeoutException`\n    \n        Return:\n        -------\n        object: T\n            - The result of the last call to `method`\n    \n        Raises:\n        -------\n        TimeoutException\n            - If 'method' does not return a truthy value within the WebDriverWait\n            object's timeout\n    \n        Example:\n        --------\n        >>> from selenium.webdriver.common.by import By\n        >>> from selenium.webdriver.support.ui import WebDriverWait\n        >>> from selenium.webdriver.support import expected_conditions as EC\n    \n        # Wait until an element is visible on the page\n        >>> wait = WebDriverWait(driver, 10)\n        >>> element = wait.until(EC.visibility_of_element_located((By.ID, \"exampleId\")))\n        >>> print(element.text)\n        \"\"\"\n        screen = None\n        stacktrace = None\n    \n        end_time = time.monotonic() + self._timeout\n        while True:\n            try:\n                value = method(self._driver)\n                if value:\n                    return value\n            except self._ignored_exceptions as exc:\n                screen = getattr(exc, \"screen\", None)\n                stacktrace = getattr(exc, \"stacktrace\", None)\n            if time.monotonic() > end_time:\n                break\n            time.sleep(self._poll)\n>       raise TimeoutException(message, screen, stacktrace)\nE       selenium.common.exceptions.TimeoutException: Message: \nE       Stacktrace:\nE       NoSuchElementError: An element could not be located on the page using the given search parameters.\nE           at AndroidUiautomator2Driver.findElOrEls (C:\\Users\\pc\\.appium\\node_modules\\appium-uiautomator2-driver\\node_modules\\appium-android-driver\\lib\\commands\\find.ts:86:11)\nE           at processTicksAndRejections (node:internal/process/task_queues:105:5)\nE           at AndroidUiautomator2Driver.findElOrElsWithProcessing (C:\\Users\\pc\\AppData\\Roaming\\npm\\node_modules\\appium\\node_modules\\@appium\\base-driver\\lib\\basedriver\\commands\\find.ts:60:12)\nE           at AndroidUiautomator2Driver.findElement (C:\\Users\\pc\\AppData\\Roaming\\npm\\node_modules\\appium\\node_modules\\@appium\\base-driver\\lib\\basedriver\\commands\\find.ts:75:12)\n\n..\\..\\..\\AppData\\Local\\Programs\\Python\\Python313\\Lib\\site-packages\\selenium\\webdriver\\support\\wait.py:138: TimeoutException"}, "parameters": [{"name": "user", "value": "{'email': 'derly+qa02@vitawallet.io', 'password': 'vitawallet'}"}], "start": 1759551058412, "stop": 1759551150683, "uuid": "92ae9595-e0e0-4b4b-9d4c-220b239010a8", "historyId": "05ac68dcd43f885836ddbd2ba674d200", "testCaseId": "271a593188efe3fbb888139b9fe09e86", "fullName": "tests.test_e2e_buy_crypto#test_e2e_buy_crypto", "labels": [{"name": "parentSuite", "value": "tests"}, {"name": "suite", "value": "test_e2e_buy_crypto"}, {"name": "host", "value": "DESKTOP-USD8UUS"}, {"name": "thread", "value": "15264-MainThread"}, {"name": "framework", "value": "pytest"}, {"name": "language", "value": "cpython3"}, {"name": "package", "value": "tests.test_e2e_buy_crypto"}], "titlePath": ["tests", "test_e2e_buy_crypto.py"]}