{"name": "test_login[user0]", "status": "broken", "statusDetails": {"message": "selenium.common.exceptions.TimeoutException: Message: \nStacktrace:\nNoSuchElementError: An element could not be located on the page using the given search parameters.\n    at AndroidUiautomator2Driver.findElOrEls (C:\\Users\\pc\\.appium\\node_modules\\appium-uiautomator2-driver\\node_modules\\appium-android-driver\\lib\\commands\\find.ts:86:11)\n    at processTicksAndRejections (node:internal/process/task_queues:105:5)\n    at AndroidUiautomator2Driver.findElOrElsWithProcessing (C:\\Users\\pc\\AppData\\Roaming\\npm\\node_modules\\appium\\node_modules\\@appium\\base-driver\\lib\\basedriver\\commands\\find.ts:60:12)\n    at AndroidUiautomator2Driver.findElement (C:\\Users\\pc\\AppData\\Roaming\\npm\\node_modules\\appium\\node_modules\\@appium\\base-driver\\lib\\basedriver\\commands\\find.ts:75:12)", "trace": "driver = <appium.webdriver.webdriver.WebDriver (session=\"adf14b9b-9688-442d-b497-082fa83fa1f4\")>\nuser = {'email': 'derly+qa02@vitawallet.io', 'password': 'vitawallet'}\n\n    @pytest.mark.parametrize(\"user\", UserData(\"data/users.csv\").get_users())\n    def test_login(driver, user):\n        # -------------------------\n        # A-A-A DESIGN PATTERN\n        # Arrange 1\n        # -------------------------\n        login_page = LoginPage(driver)\n    \n        # -------------------------\n        # Act 2\n        # -------------------------\n>       login_page.login(user[\"email\"], user[\"password\"])\n\ntests\\test_sample.py:16: \n_ _ _ _ _ _ _ _ _ _ _ _ _ _ _ _ _ _ _ _ _ _ _ _ _ _ _\npages\\login\\login_page.py:29: in login\n    self.elm.click(PASSWORD_INPUT)\ncore\\elements.py:16: in click\n    self.find_element(by_tuple, value).click()\n    ^^^^^^^^^^^^^^^^^^^^^^^^^^^^^^^^^^\ncore\\elements.py:13: in find_element\n    return self.wait.until(EC.presence_of_element_located(locator))\n           ^^^^^^^^^^^^^^^^^^^^^^^^^^^^^^^^^^^^^^^^^^^^^^^^^^^^^^^^\n_ _ _ _ _ _ _ _ _ _ _ _ _ _ _ _ _ _ _ _ _ _ _ _ _ _ _\n\nself = <selenium.webdriver.support.wait.WebDriverWait (session=\"adf14b9b-9688-442d-b497-082fa83fa1f4\")>\nmethod = <function presence_of_element_located.<locals>._predicate at 0x000001CB78E86480>\nmessage = ''\n\n    def until(self, method: Callable[[D], Union[Literal[False], T]], message: str = \"\") -> T:\n        \"\"\"Wait until the method returns a value that is not False.\n    \n        Calls the method provided with the driver as an argument until the\n        return value does not evaluate to ``False``.\n    \n        Parameters:\n        -----------\n        method: callable(WebDriver)\n            - A callable object that takes a WebDriver instance as an argument.\n    \n        message: str\n            - Optional message for :exc:`TimeoutException`\n    \n        Return:\n        -------\n        object: T\n            - The result of the last call to `method`\n    \n        Raises:\n        -------\n        TimeoutException\n            - If 'method' does not return a truthy value within the WebDriverWait\n            object's timeout\n    \n        Example:\n        --------\n        >>> from selenium.webdriver.common.by import By\n        >>> from selenium.webdriver.support.ui import WebDriverWait\n        >>> from selenium.webdriver.support import expected_conditions as EC\n    \n        # Wait until an element is visible on the page\n        >>> wait = WebDriverWait(driver, 10)\n        >>> element = wait.until(EC.visibility_of_element_located((By.ID, \"exampleId\")))\n        >>> print(element.text)\n        \"\"\"\n        screen = None\n        stacktrace = None\n    \n        end_time = time.monotonic() + self._timeout\n        while True:\n            try:\n                value = method(self._driver)\n                if value:\n                    return value\n            except self._ignored_exceptions as exc:\n                screen = getattr(exc, \"screen\", None)\n                stacktrace = getattr(exc, \"stacktrace\", None)\n            if time.monotonic() > end_time:\n                break\n            time.sleep(self._poll)\n>       raise TimeoutException(message, screen, stacktrace)\nE       selenium.common.exceptions.TimeoutException: Message: \nE       Stacktrace:\nE       NoSuchElementError: An element could not be located on the page using the given search parameters.\nE           at AndroidUiautomator2Driver.findElOrEls (C:\\Users\\pc\\.appium\\node_modules\\appium-uiautomator2-driver\\node_modules\\appium-android-driver\\lib\\commands\\find.ts:86:11)\nE           at processTicksAndRejections (node:internal/process/task_queues:105:5)\nE           at AndroidUiautomator2Driver.findElOrElsWithProcessing (C:\\Users\\pc\\AppData\\Roaming\\npm\\node_modules\\appium\\node_modules\\@appium\\base-driver\\lib\\basedriver\\commands\\find.ts:60:12)\nE           at AndroidUiautomator2Driver.findElement (C:\\Users\\pc\\AppData\\Roaming\\npm\\node_modules\\appium\\node_modules\\@appium\\base-driver\\lib\\basedriver\\commands\\find.ts:75:12)\n\n..\\..\\..\\AppData\\Local\\Programs\\Python\\Python313\\Lib\\site-packages\\selenium\\webdriver\\support\\wait.py:138: TimeoutException"}, "parameters": [{"name": "user", "value": "{'email': 'derly+qa02@vitawallet.io', 'password': 'vitawallet'}"}], "start": 1759523927299, "stop": 1759523949535, "uuid": "922e6ca3-53fc-4ee9-afac-f28a708f3a09", "historyId": "cb43fbe24d4c7dde0fd229d0182b8b9e", "testCaseId": "851f638a1293a2d1aa1b69497a224bb7", "fullName": "tests.test_sample#test_login", "labels": [{"name": "parentSuite", "value": "tests"}, {"name": "suite", "value": "test_sample"}, {"name": "host", "value": "DESKTOP-USD8UUS"}, {"name": "thread", "value": "21356-MainThread"}, {"name": "framework", "value": "pytest"}, {"name": "language", "value": "cpython3"}, {"name": "package", "value": "tests.test_sample"}], "titlePath": ["tests", "test_sample.py"]}