{"name": "test_login[user0]", "status": "broken", "statusDetails": {"message": "selenium.common.exceptions.WebDriverException: Message: 'POST /element' cannot be proxied to UiAutomator2 server because the instrumentation process is not running (probably crashed). Check the server log and/or the logcat output for more details\nStacktrace:\nUnknownError: 'POST /element' cannot be proxied to UiAutomator2 server because the instrumentation process is not running (probably crashed). Check the server log and/or the logcat output for more details\n    at UIA2Proxy.command (C:\\Users\\pc\\AppData\\Roaming\\npm\\node_modules\\appium\\node_modules\\@appium\\base-driver\\lib\\jsonwp-proxy\\proxy.js:332:13)\n    at processTicksAndRejections (node:internal/process/task_queues:105:5)\n    at AndroidUiautomator2Driver.doFindElementOrEls (C:\\Users\\pc\\.appium\\node_modules\\appium-uiautomator2-driver\\lib\\commands\\find.js:40:5)\n    at doFind (C:\\Users\\pc\\.appium\\node_modules\\appium-uiautomator2-driver\\node_modules\\appium-android-driver\\lib\\commands\\find.ts:47:17)\n    at wrappedCondFn (C:\\Users\\pc\\AppData\\Roaming\\npm\\node_modules\\appium\\node_modules\\@appium\\base-driver\\lib\\basedriver\\commands\\timeout.ts:114:14)\n    at spin (C:\\Users\\pc\\AppData\\Roaming\\npm\\node_modules\\appium\\node_modules\\asyncbox\\lib\\asyncbox.js:219:20)\n    at waitForCondition (C:\\Users\\pc\\AppData\\Roaming\\npm\\node_modules\\appium\\node_modules\\asyncbox\\lib\\asyncbox.js:236:10)\n    at AndroidUiautomator2Driver.implicitWaitForCondition (C:\\Users\\pc\\AppData\\Roaming\\npm\\node_modules\\appium\\node_modules\\@appium\\base-driver\\lib\\basedriver\\commands\\timeout.ts:116:12)\n    at AndroidUiautomator2Driver.findElOrEls (C:\\Users\\pc\\.appium\\node_modules\\appium-uiautomator2-driver\\node_modules\\appium-android-driver\\lib\\commands\\find.ts:70:5)\n    at AndroidUiautomator2Driver.findElOrElsWithProcessing (C:\\Users\\pc\\AppData\\Roaming\\npm\\node_modules\\appium\\node_modules\\@appium\\base-driver\\lib\\basedriver\\commands\\find.ts:60:12)\n    at AndroidUiautomator2Driver.findElement (C:\\Users\\pc\\AppData\\Roaming\\npm\\node_modules\\appium\\node_modules\\@appium\\base-driver\\lib\\basedriver\\commands\\find.ts:75:12)", "trace": "driver = <appium.webdriver.webdriver.WebDriver (session=\"ae3d722c-34c7-45e1-9c94-89964f9cf501\")>\nuser = {'email': 'derly+qa02@vitawallet.io', 'password': 'vitawallet'}\n\n    @pytest.mark.parametrize(\"user\", UserData(\"data/users.csv\").get_users())\n    def test_login(driver, user):\n    \n    \n        # -------------------------\n        # A-A-A DESIGN PATTERN\n        # Arrange 1\n        # -------------------------\n        login_page = LoginPage(driver)\n    \n        # -------------------------\n        # Act 2\n        # -------------------------\n        login_page.login(user[\"email\"], user[\"password\"])\n    \n        # -------------------------\n        # Assert 3\n        # -------------------------\n        #welcome_text_locator = ('xpath', '//android.widget.TextView[@text=\"Welcome\"]')\n        #assert login_page.el.find_element(welcome_text_locator).is_displayed(), \"Login failed for user: {}\".format(user[\"email\"])\n    \n        home_page = HomePage(driver)\n>       home_page.quit_pop_up(driver)\n\ntests\\test_sample.py:28: \n_ _ _ _ _ _ _ _ _ _ _ _ _ _ _ _ _ _ _ _ _ _ _ _ _ _ _ _ _ _ _ _ _ _ _ _ _ _ _ _ _ _ _ _ _ _ _ \npages\\home\\home_page.py:26: in quit_pop_up\n    self.elm.click(ACCEPT_BUTTON_POP_UP)\ncore\\elements.py:17: in click\n    self.find_element(by_tuple, value).click()\n    ^^^^^^^^^^^^^^^^^^^^^^^^^^^^^^^^^^\ncore\\elements.py:14: in find_element\n    return self.wait.until(EC.presence_of_element_located(locator))\n           ^^^^^^^^^^^^^^^^^^^^^^^^^^^^^^^^^^^^^^^^^^^^^^^^^^^^^^^^\n..\\..\\..\\AppData\\Local\\Programs\\Python\\Python313\\Lib\\site-packages\\selenium\\webdriver\\support\\wait.py:129: in until\n    value = method(self._driver)\n            ^^^^^^^^^^^^^^^^^^^^\n..\\..\\..\\AppData\\Local\\Programs\\Python\\Python313\\Lib\\site-packages\\selenium\\webdriver\\support\\expected_conditions.py:104: in _predicate\n    return driver.find_element(*locator)\n           ^^^^^^^^^^^^^^^^^^^^^^^^^^^^^\n..\\..\\..\\AppData\\Local\\Programs\\Python\\Python313\\Lib\\site-packages\\selenium\\webdriver\\remote\\webdriver.py:926: in find_element\n    return self.execute(Command.FIND_ELEMENT, {\"using\": by, \"value\": value})[\"value\"]\n           ^^^^^^^^^^^^^^^^^^^^^^^^^^^^^^^^^^^^^^^^^^^^^^^^^^^^^^^^^^^^^^^^^\n..\\..\\..\\AppData\\Local\\Programs\\Python\\Python313\\Lib\\site-packages\\selenium\\webdriver\\remote\\webdriver.py:458: in execute\n    self.error_handler.check_response(response)\n_ _ _ _ _ _ _ _ _ _ _ _ _ _ _ _ _ _ _ _ _ _ _ _ _ _ _ _ _ _ _ _ _ _ _ _ _ _ _ _ _ _ _ _ _ _ _ \n\nself = <appium.webdriver.errorhandler.MobileErrorHandler object at 0x0000025896498AD0>\nresponse = {'status': 500, 'value': '{\"value\":{\"error\":\"unknown error\",\"message\":\"\\'POST /element\\' cannot be proxied to UiAutoma...ode_modules\\\\\\\\appium\\\\\\\\node_modules\\\\\\\\@appium\\\\\\\\base-driver\\\\\\\\lib\\\\\\\\basedriver\\\\\\\\commands\\\\\\\\find.ts:75:12)\"}}'}\n\n    def check_response(self, response: Dict[str, Any]) -> None:\n        \"\"\"\n        https://www.w3.org/TR/webdriver/#errors\n        \"\"\"\n        payload = response.get('value', '')\n        if isinstance(payload, dict):\n            payload_dict = payload\n        else:\n            try:\n                payload_dict = json.loads(payload)\n            except (json.JSONDecodeError, TypeError):\n                return\n            if not isinstance(payload_dict, dict):\n                return\n        value = payload_dict.get('value')\n        if not isinstance(value, dict):\n            return\n        error = value.get('error')\n        if not error:\n            return\n    \n        message = value.get('message', error)\n        stacktrace = value.get('stacktrace', '')\n        # In theory, we should also be checking HTTP status codes.\n        # Java client, for example, prints a warning if the actual `error`\n        # value does not match to the response's HTTP status code.\n        exception_class: Type[sel_exceptions.WebDriverException] = ERROR_TO_EXC_MAPPING.get(\n            error, sel_exceptions.WebDriverException\n        )\n        if exception_class is sel_exceptions.WebDriverException and message:\n            if message == 'No such context found.':\n                exception_class = appium_exceptions.NoSuchContextException\n            elif message == 'That command could not be executed in the current context.':\n                exception_class = appium_exceptions.InvalidSwitchToTargetException\n    \n        if exception_class is sel_exceptions.UnexpectedAlertPresentException:\n            raise sel_exceptions.UnexpectedAlertPresentException(\n                msg=message,\n                stacktrace=format_stacktrace(stacktrace),\n                alert_text=value.get('data'),\n            )\n>       raise exception_class(msg=message, stacktrace=format_stacktrace(stacktrace))\nE       selenium.common.exceptions.WebDriverException: Message: 'POST /element' cannot be proxied to UiAutomator2 server because the instrumentation process is not running (probably crashed). Check the server log and/or the logcat output for more details\nE       Stacktrace:\nE       UnknownError: 'POST /element' cannot be proxied to UiAutomator2 server because the instrumentation process is not running (probably crashed). Check the server log and/or the logcat output for more details\nE           at UIA2Proxy.command (C:\\Users\\pc\\AppData\\Roaming\\npm\\node_modules\\appium\\node_modules\\@appium\\base-driver\\lib\\jsonwp-proxy\\proxy.js:332:13)\nE           at processTicksAndRejections (node:internal/process/task_queues:105:5)\nE           at AndroidUiautomator2Driver.doFindElementOrEls (C:\\Users\\pc\\.appium\\node_modules\\appium-uiautomator2-driver\\lib\\commands\\find.js:40:5)\nE           at doFind (C:\\Users\\pc\\.appium\\node_modules\\appium-uiautomator2-driver\\node_modules\\appium-android-driver\\lib\\commands\\find.ts:47:17)\nE           at wrappedCondFn (C:\\Users\\pc\\AppData\\Roaming\\npm\\node_modules\\appium\\node_modules\\@appium\\base-driver\\lib\\basedriver\\commands\\timeout.ts:114:14)\nE           at spin (C:\\Users\\pc\\AppData\\Roaming\\npm\\node_modules\\appium\\node_modules\\asyncbox\\lib\\asyncbox.js:219:20)\nE           at waitForCondition (C:\\Users\\pc\\AppData\\Roaming\\npm\\node_modules\\appium\\node_modules\\asyncbox\\lib\\asyncbox.js:236:10)\nE           at AndroidUiautomator2Driver.implicitWaitForCondition (C:\\Users\\pc\\AppData\\Roaming\\npm\\node_modules\\appium\\node_modules\\@appium\\base-driver\\lib\\basedriver\\commands\\timeout.ts:116:12)\nE           at AndroidUiautomator2Driver.findElOrEls (C:\\Users\\pc\\.appium\\node_modules\\appium-uiautomator2-driver\\node_modules\\appium-android-driver\\lib\\commands\\find.ts:70:5)\nE           at AndroidUiautomator2Driver.findElOrElsWithProcessing (C:\\Users\\pc\\AppData\\Roaming\\npm\\node_modules\\appium\\node_modules\\@appium\\base-driver\\lib\\basedriver\\commands\\find.ts:60:12)\nE           at AndroidUiautomator2Driver.findElement (C:\\Users\\pc\\AppData\\Roaming\\npm\\node_modules\\appium\\node_modules\\@appium\\base-driver\\lib\\basedriver\\commands\\find.ts:75:12)\n\n..\\..\\..\\AppData\\Local\\Programs\\Python\\Python313\\Lib\\site-packages\\appium\\webdriver\\errorhandler.py:125: WebDriverException"}, "parameters": [{"name": "user", "value": "{'email': 'derly+qa02@vitawallet.io', 'password': 'vitawallet'}"}], "start": 1759537216681, "stop": 1759537225274, "uuid": "7225d2f2-b4fc-411c-ac1f-4df383abaa0b", "historyId": "cb43fbe24d4c7dde0fd229d0182b8b9e", "testCaseId": "851f638a1293a2d1aa1b69497a224bb7", "fullName": "tests.test_sample#test_login", "labels": [{"name": "parentSuite", "value": "tests"}, {"name": "suite", "value": "test_sample"}, {"name": "host", "value": "DESKTOP-USD8UUS"}, {"name": "thread", "value": "1808-MainThread"}, {"name": "framework", "value": "pytest"}, {"name": "language", "value": "cpython3"}, {"name": "package", "value": "tests.test_sample"}], "titlePath": ["tests", "test_sample.py"]}